[2023-08-1419:50:07] [ ERROR] [CityService:19] Ya existe una ciudad con el nombre: Buenos Aires
[2023-08-1419:50:07] [ INFO ] [CityService:23] Se creo una nueva ciudad: Buenos Aires
[2023-08-1419:57:39] [ INFO ] [CityService:23] Se creo una nueva ciudad: Buenos Aires
[2023-08-1419:57:58] [ ERROR] [CityService:19] Ya existe una ciudad con el nombre: Buenos Aires
[2023-08-1420:15:13] [ ERROR] [CityService:22] Ya existe una ciudad con el nombre: Buenos Aires
[2023-08-1420:15:13] [ INFO ] [CityService:26] Se creo una nueva ciudad: Buenos Aires
[2023-08-1420:15:13] [ INFO ] [CityService:33] La tabla Ciudad no tiene registros
[2023-08-1420:26:25] [ ERROR] [CityService:22] Ya existe una ciudad con el nombre: Buenos Aires
[2023-08-1420:26:25] [ ERROR] [CityService:61] No existe un registro en la tabla Ciudad con el id: 1
[2023-08-1420:26:25] [ ERROR] [CityService:53] No existe una ciudad con el nombre:nombre
[2023-08-1420:26:25] [ INFO ] [CityService:72] Se elimino el registro con el id: 1 de la tabla Ciudad
[2023-08-1420:26:25] [ INFO ] [CityService:65] Se modifico el registro con el id: 1 de la tabla Ciudad
[2023-08-1420:26:25] [ ERROR] [CityService:45] No existe una ciudad con el id:1
[2023-08-1420:26:25] [ INFO ] [CityService:26] Se creo una nueva ciudad: Buenos Aires
[2023-08-1420:26:25] [ INFO ] [CityService:33] La tabla Ciudad no tiene registros
[2023-08-1420:29:07] [ ERROR] [CityService:22] Ya existe una ciudad con el nombre: Buenos Aires
[2023-08-1420:29:07] [ ERROR] [CityService:61] No existe un registro en la tabla Ciudad con el id: 1
[2023-08-1420:29:07] [ ERROR] [CityService:53] No existe una ciudad con el nombre:nombre
[2023-08-1420:29:07] [ INFO ] [CityService:72] Se elimino el registro con el id: 1 de la tabla Ciudad
[2023-08-1420:29:07] [ INFO ] [CityService:65] Se modifico el registro con el id: 1 de la tabla Ciudad
[2023-08-1420:29:07] [ ERROR] [CityService:45] No existe una ciudad con el id:1
[2023-08-1420:29:07] [ INFO ] [CityService:26] Se creo una nueva ciudad: Buenos Aires
[2023-08-1420:29:07] [ INFO ] [CityService:33] La tabla Ciudad no tiene registros
[2023-08-1420:29:29] [ ERROR] [CityService:22] Ya existe una ciudad con el nombre: Buenos Aires
[2023-08-1420:29:29] [ ERROR] [CityService:61] No existe un registro en la tabla Ciudad con el id: 1
[2023-08-1420:29:29] [ ERROR] [CityService:53] No existe una ciudad con el nombre:nombre
[2023-08-1420:29:29] [ INFO ] [CityService:72] Se elimino el registro con el id: 1 de la tabla Ciudad
[2023-08-1420:29:29] [ INFO ] [CityService:65] Se modifico el registro con el id: 1 de la tabla Ciudad
[2023-08-1420:29:29] [ ERROR] [CityService:45] No existe una ciudad con el id:1
[2023-08-1420:29:29] [ INFO ] [CityService:26] Se creo una nueva ciudad: Buenos Aires
[2023-08-1420:29:29] [ INFO ] [CityService:33] La tabla Ciudad no tiene registros
[2023-08-1420:29:42] [ ERROR] [CityService:22] Ya existe una ciudad con el nombre: Buenos Aires
[2023-08-1420:29:42] [ ERROR] [CityService:61] No existe un registro en la tabla Ciudad con el id: 1
[2023-08-1420:29:42] [ ERROR] [CityService:53] No existe una ciudad con el nombre:nombre
[2023-08-1420:29:42] [ INFO ] [CityService:72] Se elimino el registro con el id: 1 de la tabla Ciudad
[2023-08-1420:29:42] [ INFO ] [CityService:65] Se modifico el registro con el id: 1 de la tabla Ciudad
[2023-08-1420:29:42] [ ERROR] [CityService:45] No existe una ciudad con el id:1
[2023-08-1420:29:42] [ INFO ] [CityService:26] Se creo una nueva ciudad: Buenos Aires
[2023-08-1420:29:42] [ INFO ] [CityService:33] La tabla Ciudad no tiene registros
[2023-08-1619:32:45] [ ERROR] [CityService:22] Ya existe una ciudad con el nombre: Buenos Aires
[2023-08-1619:32:45] [ ERROR] [CityService:61] No existe un registro en la tabla Ciudad con el id: 1
[2023-08-1619:32:45] [ ERROR] [CityService:53] No existe una ciudad con el nombre:nombre
[2023-08-1619:32:45] [ INFO ] [CityService:72] Se elimino el registro con el id: 1 de la tabla Ciudad
[2023-08-1619:32:45] [ INFO ] [CityService:65] Se modifico el registro con el id: 1 de la tabla Ciudad
[2023-08-1619:32:45] [ ERROR] [CityService:45] No existe una ciudad con el id:1
[2023-08-1619:32:45] [ INFO ] [CityService:26] Se creo una nueva ciudad: Buenos Aires
[2023-08-1619:32:45] [ INFO ] [CityService:33] La tabla Ciudad no tiene registros
[2023-08-1718:07:14] [ ERROR] [CityService:24] Ya existe un pais con el nombre: Argentina
[2023-08-1718:07:14] [ ERROR] [CityService:79] No existe un registro en la tabla Pais con el id: 5
[2023-08-1718:07:14] [ ERROR] [CityService:57] No existe un pais con el nombre:Brasil
[2023-08-1718:07:14] [ INFO ] [CityService:28] Se creo un nuevo pais: Argentina
[2023-08-1718:07:14] [ INFO ] [CityService:73] Se modifico el registro con el id: 1 de la tabla Pais
[2023-08-1718:07:14] [ ERROR] [CityService:48] No existe un pais con el id:1
[2023-08-1718:07:14] [ INFO ] [CityService:35] La tabla Pais no tiene registros
[2023-08-1718:07:14] [ INFO ] [CityService:83] Se elimino el registro con el id: 1 de la tabla Pais
[2023-08-1718:07:14] [ ERROR] [CityService:65] No existe un registro en la tabla Pais con el id: 1
[2023-08-1719:05:42] [ ERROR] [CityService:57] No existe una competencia con el id:1
[2023-08-1719:05:42] [ ERROR] [CityService:29] Ya existe una competicion con el nombre: Premier Leguea
[2023-08-1719:05:42] [ INFO ] [CityService:44] La tabla Competencias no tiene registros
[2023-08-1719:05:42] [ ERROR] [CityService:66] No existe una competencia con el nombre:La liga
[2023-08-2316:58:50] [ ERROR] [CityService:57] No existe una competencia con el id:1
[2023-08-2316:58:50] [ ERROR] [CityService:29] Ya existe una competicion con el nombre: Premier League
[2023-08-2316:58:50] [ INFO ] [CityService:44] La tabla Competencias no tiene registros
[2023-08-2316:58:50] [ ERROR] [CityService:66] No existe una competencia con el nombre:La liga
[2023-08-2317:05:12] [ ERROR] [CityService:61] No existe una competencia con el id:1
[2023-08-2317:05:12] [ ERROR] [CityService:33] Ya existe una competicion con el nombre: Premier League
[2023-08-2317:05:12] [ INFO ] [CityService:48] La tabla Competencias no tiene registros
[2023-08-2317:05:12] [ ERROR] [CityService:70] No existe una competencia con el nombre:La liga
[2023-08-2317:08:28] [ ERROR] [CityService:58] No existe una competencia con el id:1
[2023-08-2317:08:28] [ ERROR] [CityService:30] Ya existe una competicion con el nombre: Premier League
[2023-08-2317:08:28] [ ERROR] [CityService:34] No existe un pais con el id: 1
[2023-08-2317:08:28] [ INFO ] [CityService:45] La tabla Competencias no tiene registros
[2023-08-2317:08:28] [ ERROR] [CityService:67] No existe una competencia con el nombre:La liga
[2023-08-2317:09:15] [ ERROR] [CityService:34] No existe un pais con el id: 1
[2023-08-2317:11:04] [ ERROR] [CityService:34] No existe un pais con el id: 1
[2023-08-2317:11:36] [ INFO ] [CityService:38] Se creo una nueva competencia: Premier League
[2023-08-2317:18:28] [ ERROR] [CityService:30] Ya existe una competicion con el nombre: Premier League
[2023-08-2317:18:53] [ ERROR] [CityService:30] Ya existe una competicion con el nombre: Premier League
[2023-08-2317:20:27] [ ERROR] [CityService:34] No existe un pais con el id: 1
[2023-08-2317:20:34] [ ERROR] [CityService:58] No existe una competencia con el id:1
[2023-08-2317:20:34] [ ERROR] [CityService:30] Ya existe una competicion con el nombre: Premier League
[2023-08-2317:20:34] [ INFO ] [CityService:38] Se creo una nueva competencia: Premier League
[2023-08-2317:20:34] [ INFO ] [CityService:45] La tabla Competencias no tiene registros
[2023-08-2317:20:34] [ ERROR] [CityService:34] No existe un pais con el id: 1
[2023-08-2317:20:34] [ ERROR] [CityService:67] No existe una competencia con el nombre:La liga
